<?xml version="1.0" encoding="UTF-8"?>
<testng-results skipped="0" failed="0" ignored="0" total="1" passed="1">
  <reporter-output>
  </reporter-output>
  <suite name="Default suite" duration-ms="60" started-at="2019-01-22T04:34:10Z" finished-at="2019-01-22T04:34:10Z">
    <groups>
    </groups>
    <test name="Default test" duration-ms="60" started-at="2019-01-22T04:34:10Z" finished-at="2019-01-22T04:34:10Z">
      <class name="com.test.NewTest4">
        <test-method status="PASS" signature="testExcel()[pri:0, instance:com.test.NewTest4@cb5822]" name="testExcel" duration-ms="15" started-at="2019-01-22T04:34:10Z" finished-at="2019-01-22T04:34:10Z">
          <reporter-output>
          </reporter-output>
        </test-method> <!-- testExcel -->
      </class> <!-- com.test.NewTest4 -->
    </test> <!-- Default test -->
  </suite> <!-- Default suite -->
</testng-results>
